#-----------------------------------------------------------
# PlanAhead v14.7
# Build 321239 by xbuild on Fri Sep 27 19:31:35 MDT 2013
# Start of session at: Fri Apr 24 10:10:33 2015
# Process ID: 2528
# Log file: E:/SUMA/SUMA/planAhead_run_1/planAhead.log
# Journal file: E:/SUMA/SUMA/planAhead_run_1/planAhead.jou
#-----------------------------------------------------------
INFO: [Common 17-78] Attempting to get a license: PlanAhead
INFO: [Common 17-290] Got license for PlanAhead
INFO: [Device 21-36] Loading parts and site information from C:/Xilinx/14.7/ISE_DS/PlanAhead/data/parts/arch.xml
Parsing RTL primitives file [C:/Xilinx/14.7/ISE_DS/PlanAhead/data/parts/xilinx/rtl/prims/rtl_prims.xml]
Finished parsing RTL primitives file [C:/Xilinx/14.7/ISE_DS/PlanAhead/data/parts/xilinx/rtl/prims/rtl_prims.xml]
start_gui
source E:/SUMA/SUMA/pa.fromNetlist.tcl
# create_project -name SUMA -dir "E:/SUMA/SUMA/planAhead_run_1" -part xc3s200ft256-4
create_project: Time (s): elapsed = 00:00:09 . Memory (MB): peak = 367.371 ; gain = 26.980
# set_property design_mode GateLvl [get_property srcset [current_run -impl]]
# set_property edif_top_file "E:/SUMA/SUMA/SUMA1.ngc" [ get_property srcset [ current_run ] ]
# add_files -norecurse { {E:/SUMA/SUMA} }
# set_property target_constrs_file "SUMA1.ucf" [current_fileset -constrset]
Adding file 'E:/SUMA/SUMA/SUMA1.ucf' to fileset 'constrs_1'
# add_files [list {SUMA1.ucf}] -fileset [get_property constrset [current_run]]
# link_design
Design is defaulting to srcset: sources_1
Design is defaulting to constrset: constrs_1
Design is defaulting to project part: xc3s200ft256-4
Release 14.7 - ngc2edif P.20131013 (nt)
Copyright (c) 1995-2013 Xilinx, Inc.  All rights reserved.

Release 14.7 - ngc2edif P.20131013 (nt)
Copyright (c) 1995-2013 Xilinx, Inc.  All rights reserved.
Reading design SUMA1.ngc ...
WARNING:NetListWriters:298 - No output is written to SUMA1.xncf, ignored.
Processing design ...
   Preping design's networks ...
   Preping design's macros ...
  finished :Prep
Writing EDIF netlist file SUMA1.edif ...
ngc2edif: Total memory usage is 57112 kilobytes

Parsing EDIF File [./planAhead_run_1/SUMA.data/cache/SUMA1_ngc_zx.edif]
Finished Parsing EDIF File [./planAhead_run_1/SUMA.data/cache/SUMA1_ngc_zx.edif]
INFO: [Designutils 20-910] Reading macro library C:/Xilinx/14.7/ISE_DS/PlanAhead/data\./parts/xilinx/spartan3/hd_int_macros.edn
Parsing EDIF File [C:/Xilinx/14.7/ISE_DS/PlanAhead/data\./parts/xilinx/spartan3/hd_int_macros.edn]
Finished Parsing EDIF File [C:/Xilinx/14.7/ISE_DS/PlanAhead/data\./parts/xilinx/spartan3/hd_int_macros.edn]
Loading clock regions from C:/Xilinx/14.7/ISE_DS/PlanAhead/data\parts/xilinx/spartan3/spartan3/xc3s200/ClockRegion.xml
Loading clock buffers from C:/Xilinx/14.7/ISE_DS/PlanAhead/data\parts/xilinx/spartan3/spartan3/xc3s200/ClockBuffers.xml
Loading package from C:/Xilinx/14.7/ISE_DS/PlanAhead/data\parts/xilinx/spartan3/spartan3/xc3s200/ft256/Package.xml
Loading io standards from C:/Xilinx/14.7/ISE_DS/PlanAhead/data\./parts/xilinx/spartan3/IOStandards.xml
INFO: [Device 21-19] Loading pkg sso from C:/Xilinx/14.7/ISE_DS/PlanAhead/data\parts/xilinx/spartan3/spartan3/xc3s200/ft256/SSORules.xml
Loading list of drcs for the architecture : C:/Xilinx/14.7/ISE_DS/PlanAhead/data\./parts/xilinx/spartan3/drc.xml
INFO: [Timing 38-77] Reading timing library C:/Xilinx/14.7/ISE_DS/PlanAhead/data\parts/xilinx/spartan3/spartan3/spartan3-4.lib.
INFO: [Timing 38-34] Done reading timing library C:/Xilinx/14.7/ISE_DS/PlanAhead/data\parts/xilinx/spartan3/spartan3/spartan3-4.lib.
Parsing UCF File [E:/SUMA/SUMA/SUMA1.ucf]
Finished Parsing UCF File [E:/SUMA/SUMA/SUMA1.ucf]
INFO: [Project 1-111] Unisim Transformation Summary:
No Unisim elements were transformed.

Phase 0 | Netlist Checksum: 892bffdc
link_design: Time (s): elapsed = 00:00:29 . Memory (MB): peak = 414.070 ; gain = 40.727
startgroup
set_property package_pin J13 [get_ports {a[3]}]
endgroup
startgroup
set_property package_pin J14 [get_ports {a[2]}]
endgroup
startgroup
set_property package_pin H13 [get_ports {a[1]}]
endgroup
startgroup
set_property package_pin H14 [get_ports {a[0]}]
endgroup
set_property package_pin "" [get_ports [list  {b[6]}]]
startgroup
set_property package_pin E13 [get_ports {display[3]}]
endgroup
startgroup
set_property package_pin F14 [get_ports {display[2]}]
endgroup
startgroup
set_property package_pin G14 [get_ports {display[1]}]
endgroup
startgroup
set_property package_pin D14 [get_ports {display[0]}]
endgroup
set_property package_pin "" [get_ports [list  {b[6]}]]
set_property package_pin "" [get_ports [list  {b[6]}]]
set_property package_pin "" [get_ports [list  {b[6]}]]
set_property package_pin "" [get_ports [list  {b[3]}]]
set_property is_loc_fixed false [get_ports [list  {display[2]}]]
set_property is_loc_fixed true [get_ports [list  {display[2]}]]
startgroup
set_property package_pin E14 [get_ports {b[6]}]
endgroup
startgroup
set_property package_pin G13 [get_ports {b[5]}]
endgroup
startgroup
set_property package_pin N15 [get_ports {b[4]}]
endgroup
startgroup
set_property package_pin P15 [get_ports {b[3]}]
endgroup
startgroup
set_property package_pin R16 [get_ports {b[2]}]
endgroup
startgroup
set_property package_pin F13 [get_ports {b[1]}]
endgroup
startgroup
set_property package_pin N16 [get_ports {b[0]}]
endgroup
save_constraints
exit
ERROR: [PlanAhead 12-106] *** Exception: ui.h.b: Found deleted key in HTclEventBroker. Verify if the classes listed here call cleanup()
HTclEvent: DEBUG_CORE_CONFIG_CHANGE   Classes: ui.views.aR 
HTclEvent: DEBUG_PORT_CONFIG_CHANGE   Classes: ui.views.aR 
HTclEvent: SIGNAL_BUS_MODIFY   Classes: ui.views.aR 
HTclEvent: SIGNAL_MODIFY   Classes: ui.views.aR 
 (See E:/SUMA/SUMA\planAhead_pid2528.debug)
ERROR: [Common 17-39] 'stop_gui' failed due to earlier errors.
INFO: [Common 17-206] Exiting PlanAhead at Fri Apr 24 10:39:41 2015...
INFO: [Common 17-83] Releasing license: PlanAhead
