--------------------------------------------------------------------------------
Release 14.7 Trace  (nt)
Copyright (c) 1995-2013 Xilinx, Inc.  All rights reserved.

C:\Xilinx\14.7\ISE_DS\ISE\bin\nt\unwrapped\trce.exe -intstyle ise -v 3 -s 4 -n
3 -fastpaths -xml SUMA1.twx SUMA1.ncd -o SUMA1.twr SUMA1.pcf -ucf SUMA1.ucf

Design file:              SUMA1.ncd
Physical constraint file: SUMA1.pcf
Device,package,speed:     xc3s200,ft256,-4 (PRODUCTION 1.39 2013-10-13)
Report level:             verbose report

Environment Variable      Effect 
--------------------      ------ 
NONE                      No environment variables were set
--------------------------------------------------------------------------------

INFO:Timing:2698 - No timing constraints found, doing default enumeration.
INFO:Timing:3412 - To improve timing, see the Timing Closure User Guide (UG612).
INFO:Timing:2752 - To get complete path coverage, use the unconstrained paths 
   option. All paths that are not constrained will be reported in the 
   unconstrained paths section(s) of the report.
INFO:Timing:3339 - The clock-to-out numbers in this timing report are based on 
   a 50 Ohm transmission line loading model.  For the details of this model, 
   and for more information on accounting for different loading conditions, 
   please see the device datasheet.
INFO:Timing:3390 - This architecture does not support a default System Jitter 
   value, please add SYSTEM_JITTER constraint to the UCF to modify the Clock 
   Uncertainty calculation.
INFO:Timing:3389 - This architecture does not support 'Discrete Jitter' and 
   'Phase Error' calculations, these terms will be zero in the Clock 
   Uncertainty calculation.  Please make appropriate modification to 
   SYSTEM_JITTER to account for the unsupported Discrete Jitter and Phase 
   Error.



Data Sheet report:
-----------------
All values displayed in nanoseconds (ns)

Pad to Pad
---------------+---------------+---------+
Source Pad     |Destination Pad|  Delay  |
---------------+---------------+---------+
a<0>           |b<0>           |    8.598|
a<0>           |b<1>           |    8.296|
a<0>           |b<2>           |    8.122|
a<0>           |b<3>           |    7.656|
a<0>           |b<4>           |    8.034|
a<0>           |b<5>           |    7.704|
a<0>           |b<6>           |    8.021|
a<1>           |b<0>           |    8.572|
a<1>           |b<1>           |    8.288|
a<1>           |b<2>           |    8.187|
a<1>           |b<3>           |    7.606|
a<1>           |b<4>           |    7.943|
a<1>           |b<5>           |    7.493|
a<1>           |b<6>           |    7.971|
a<2>           |b<0>           |    8.345|
a<2>           |b<1>           |    8.476|
a<2>           |b<2>           |    7.954|
a<2>           |b<3>           |    7.716|
a<2>           |b<4>           |    8.268|
a<2>           |b<5>           |    7.860|
a<2>           |b<6>           |    8.081|
a<3>           |b<0>           |    8.734|
a<3>           |b<1>           |    8.793|
a<3>           |b<2>           |    8.273|
a<3>           |b<3>           |    8.232|
a<3>           |b<4>           |    8.563|
a<3>           |b<5>           |    8.034|
a<3>           |b<6>           |    8.597|
---------------+---------------+---------+


Analysis completed Fri Apr 24 10:12:21 2015 
--------------------------------------------------------------------------------

Trace Settings:
-------------------------
Trace Settings 

Peak Memory Usage: 97 MB



